<?xml version="1.0" encoding="UTF-8"?>
<!-- Generated by org.testng.reporters.JUnitReportReporter -->
<testsuite skipped="0" hostname="LAPTOP-IB48B2FM" name="runner1.Runner" tests="1" failures="0" timestamp="10 Jan 2022 01:03:10 GMT" time="3.944" errors="0">
  <testcase name="runScenario" time="3.944" classname="runner1.Runner"/>
</testsuite> <!-- runner1.Runner -->
